<?xml version="1.0" encoding="UTF-8"?>
<!-- Generated by org.testng.reporters.JUnitReportReporter -->
<testsuite skipped="0" hostname="INLM-KenisaacD.local" name="testCases.HomePage" tests="1" failures="0" timestamp="2020-08-12T12:26:44 IST" time="5.121" errors="0">
  <testcase name="ClickHomePage" time="5.121" classname="testCases.HomePage"/>
  <system-out/>
</testsuite> <!-- testCases.HomePage -->
