<?xml version="1.0" encoding="UTF-8"?>
<!-- Generated by org.testng.reporters.JUnitReportReporter -->
<testsuite skipped="0" hostname="INLM-KenisaacD.local" name="testCases.homePageTestCase" tests="1" failures="0" timestamp="2020-08-13T16:19:18 IST" time="18.244" errors="0">
  <testcase name="ClickHomePage" time="18.244" classname="testCases.homePageTestCase"/>
  <system-out/>
</testsuite> <!-- testCases.homePageTestCase -->
